0 -4.000000 -8.082904 -8.164966
0 -2.000000 -8.082904 -8.164966
0 2.000000 -8.082904 -8.164966
0 4.000000 -8.082904 -8.164966
0 -9.000000 -6.350853 -8.164966
0 -5.000000 -6.350853 -8.164966
0 -1.000000 -6.350853 -8.164966
0 -2.000000 -4.618802 -8.164966
0 0.000000 -4.618802 -8.164966
0 8.000000 -4.618802 -8.164966
0 3.000000 -2.886751 -8.164966
0 -6.000000 -1.154700 -8.164966
0 -2.000000 -1.154700 -8.164966
0 0.000000 -1.154700 -8.164966
0 2.000000 -1.154700 -8.164966
0 8.000000 -1.154700 -8.164966
0 -9.000000 0.577350 -8.164966
0 -3.000000 0.577350 -8.164966
0 -1.000000 0.577350 -8.164966
0 -6.000000 2.309401 -8.164966
0 -2.000000 2.309401 -8.164966
0 4.000000 2.309401 -8.164966
0 -5.000000 4.041452 -8.164966
0 -3.000000 4.041452 -8.164966
0 7.000000 4.041452 -8.164966
0 -10.000000 5.773503 -8.164966
0 -8.000000 5.773503 -8.164966
0 -6.000000 5.773503 -8.164966
0 0.000000 5.773503 -8.164966
0 2.000000 5.773503 -8.164966
0 6.000000 5.773503 -8.164966
0 -9.000000 7.505554 -8.164966
0 3.000000 7.505554 -8.164966
0 5.000000 7.505554 -8.164966
0 9.000000 7.505554 -8.164966
0 -9.000000 -7.505554 -6.531973
0 -7.000000 -7.505554 -6.531973
0 -1.000000 -7.505554 -6.531973
0 1.000000 -7.505554 -6.531973
0 3.000000 -7.505554 -6.531973
0 5.000000 -7.505554 -6.531973
0 9.000000 -7.505554 -6.531973
0 -6.000000 -5.773503 -6.531973
0 0.000000 -5.773503 -6.531973
0 4.000000 -5.773503 -6.531973
0 6.000000 -5.773503 -6.531973
0 -9.000000 -4.041452 -6.531973
0 -7.000000 -4.041452 -6.531973
0 -5.000000 -4.041452 -6.531973
0 -1.000000 -4.041452 -6.531973
0 3.000000 -4.041452 -6.531973
0 7.000000 -4.041452 -6.531973
0 9.000000 -4.041452 -6.531973
0 -8.000000 -2.309401 -6.531973
0 -6.000000 -2.309401 -6.531973
0 -2.000000 -2.309401 -6.531973
0 0.000000 -2.309401 -6.531973
0 4.000000 -2.309401 -6.531973
0 6.000000 -2.309401 -6.531973
0 10.000000 -2.309401 -6.531973
0 -5.000000 -0.577350 -6.531973
0 -3.000000 -0.577350 -6.531973
0 3.000000 -0.577350 -6.531973
0 9.000000 -0.577350 -6.531973
0 -8.000000 1.154700 -6.531973
0 -4.000000 1.154700 -6.531973
0 2.000000 1.154700 -6.531973
0 6.000000 1.154700 -6.531973
0 8.000000 1.154700 -6.531973
0 10.000000 1.154700 -6.531973
0 -9.000000 2.886751 -6.531973
0 -7.000000 2.886751 -6.531973
0 -5.000000 2.886751 -6.531973
0 -3.000000 2.886751 -6.531973
0 3.000000 2.886751 -6.531973
0 5.000000 2.886751 -6.531973
0 9.000000 2.886751 -6.531973
0 -6.000000 4.618802 -6.531973
0 -4.000000 4.618802 -6.531973
0 -2.000000 4.618802 -6.531973
0 4.000000 4.618802 -6.531973
0 -9.000000 6.350853 -6.531973
0 -3.000000 6.350853 -6.531973
0 3.000000 6.350853 -6.531973
0 9.000000 6.350853 -6.531973
0 -4.000000 8.082904 -6.531973
0 2.000000 8.082904 -6.531973
0 8.000000 8.082904 -6.531973
0 -6.000000 -6.928203 -4.898980
0 2.000000 -6.928203 -4.898980
0 4.000000 -6.928203 -4.898980
0 6.000000 -6.928203 -4.898980
0 10.000000 -6.928203 -4.898980
0 -7.000000 -5.196152 -4.898980
0 -3.000000 -5.196152 -4.898980
0 3.000000 -5.196152 -4.898980
0 5.000000 -5.196152 -4.898980
0 9.000000 -5.196152 -4.898980
0 11.000000 -5.196152 -4.898980
0 -6.000000 -3.464102 -4.898980
0 -4.000000 -3.464102 -4.898980
0 -2.000000 -3.464102 -4.898980
0 2.000000 -3.464102 -4.898980
0 6.000000 -3.464102 -4.898980
0 -7.000000 -1.732051 -4.898980
0 -5.000000 -1.732051 -4.898980
0 -3.000000 -1.732051 -4.898980
0 5.000000 -1.732051 -4.898980
0 7.000000 -1.732051 -4.898980
0 -8.000000 0.000000 -4.898980
0 0.000000 0.000000 -4.898980
0 6.000000 0.000000 -4.898980
0 8.000000 0.000000 -4.898980
0 10.000000 0.000000 -4.898980
0 -3.000000 1.732051 -4.898980
0 -1.000000 1.732051 -4.898980
0 7.000000 1.732051 -4.898980
0 9.000000 1.732051 -4.898980
0 11.000000 1.732051 -4.898980
0 -8.000000 3.464102 -4.898980
0 -2.000000 3.464102 -4.898980
0 4.000000 3.464102 -4.898980
0 6.000000 3.464102 -4.898980
0 -7.000000 5.196152 -4.898980
0 -5.000000 5.196152 -4.898980
0 -1.000000 5.196152 -4.898980
0 1.000000 5.196152 -4.898980
0 3.000000 5.196152 -4.898980
0 -8.000000 6.928203 -4.898980
0 -6.000000 6.928203 -4.898980
0 2.000000 6.928203 -4.898980
0 4.000000 6.928203 -4.898980
0 6.000000 6.928203 -4.898980
0 8.000000 6.928203 -4.898980
0 10.000000 6.928203 -4.898980
0 -7.000000 8.660254 -4.898980
0 -5.000000 8.660254 -4.898980
0 -1.000000 8.660254 -4.898980
0 5.000000 8.660254 -4.898980
0 11.000000 8.660254 -4.898980
0 -10.000000 -8.082904 -3.265986
0 -8.000000 -8.082904 -3.265986
0 -6.000000 -8.082904 -3.265986
0 -4.000000 -8.082904 -3.265986
0 2.000000 -8.082904 -3.265986
0 4.000000 -8.082904 -3.265986
0 -7.000000 -6.350853 -3.265986
0 -5.000000 -6.350853 -3.265986
0 -3.000000 -6.350853 -3.265986
0 -1.000000 -6.350853 -3.265986
0 3.000000 -6.350853 -3.265986
0 5.000000 -6.350853 -3.265986
0 7.000000 -6.350853 -3.265986
0 9.000000 -6.350853 -3.265986
0 0.000000 -4.618802 -3.265986
0 4.000000 -4.618802 -3.265986
0 -3.000000 -2.886751 -3.265986
0 -1.000000 -2.886751 -3.265986
0 1.000000 -2.886751 -3.265986
0 5.000000 -2.886751 -3.265986
0 -8.000000 -1.154700 -3.265986
0 -4.000000 -1.154700 -3.265986
0 0.000000 -1.154700 -3.265986
0 2.000000 -1.154700 -3.265986
0 -9.000000 0.577350 -3.265986
0 -7.000000 0.577350 -3.265986
0 -1.000000 0.577350 -3.265986
0 1.000000 0.577350 -3.265986
0 9.000000 0.577350 -3.265986
0 -10.000000 2.309401 -3.265986
0 -8.000000 2.309401 -3.265986
0 -2.000000 2.309401 -3.265986
0 2.000000 2.309401 -3.265986
0 6.000000 2.309401 -3.265986
0 8.000000 2.309401 -3.265986
0 -9.000000 4.041452 -3.265986
0 -7.000000 4.041452 -3.265986
0 -5.000000 4.041452 -3.265986
0 -3.000000 4.041452 -3.265986
0 -1.000000 4.041452 -3.265986
0 3.000000 4.041452 -3.265986
0 5.000000 4.041452 -3.265986
0 7.000000 4.041452 -3.265986
0 9.000000 4.041452 -3.265986
0 -10.000000 5.773503 -3.265986
0 -8.000000 5.773503 -3.265986
0 -6.000000 5.773503 -3.265986
0 0.000000 5.773503 -3.265986
0 4.000000 5.773503 -3.265986
0 6.000000 5.773503 -3.265986
0 -9.000000 7.505554 -3.265986
0 -5.000000 7.505554 -3.265986
0 -3.000000 7.505554 -3.265986
0 1.000000 7.505554 -3.265986
0 3.000000 7.505554 -3.265986
0 9.000000 7.505554 -3.265986
0 -7.000000 -7.505554 -1.632993
0 1.000000 -7.505554 -1.632993
0 5.000000 -7.505554 -1.632993
0 7.000000 -7.505554 -1.632993
0 -8.000000 -5.773503 -1.632993
0 -4.000000 -5.773503 -1.632993
0 6.000000 -5.773503 -1.632993
0 8.000000 -5.773503 -1.632993
0 10.000000 -5.773503 -1.632993
0 -9.000000 -4.041452 -1.632993
0 -1.000000 -4.041452 -1.632993
0 1.000000 -4.041452 -1.632993
0 3.000000 -4.041452 -1.632993
0 5.000000 -4.041452 -1.632993
0 7.000000 -4.041452 -1.632993
0 9.000000 -4.041452 -1.632993
0 -6.000000 -2.309401 -1.632993
0 -2.000000 -2.309401 -1.632993
0 0.000000 -2.309401 -1.632993
0 2.000000 -2.309401 -1.632993
0 4.000000 -2.309401 -1.632993
0 6.000000 -2.309401 -1.632993
0 -9.000000 -0.577350 -1.632993
0 -7.000000 -0.577350 -1.632993
0 -5.000000 -0.577350 -1.632993
0 -3.000000 -0.577350 -1.632993
0 -1.000000 -0.577350 -1.632993
0 1.000000 -0.577350 -1.632993
0 3.000000 -0.577350 -1.632993
0 5.000000 -0.577350 -1.632993
0 9.000000 -0.577350 -1.632993
0 -8.000000 1.154700 -1.632993
0 6.000000 1.154700 -1.632993
0 8.000000 1.154700 -1.632993
0 10.000000 1.154700 -1.632993
0 -9.000000 2.886751 -1.632993
0 -3.000000 2.886751 -1.632993
0 -8.000000 4.618802 -1.632993
0 -2.000000 4.618802 -1.632993
0 8.000000 4.618802 -1.632993
0 10.000000 4.618802 -1.632993
0 -9.000000 6.350853 -1.632993
0 -7.000000 6.350853 -1.632993
0 -3.000000 6.350853 -1.632993
0 7.000000 6.350853 -1.632993
0 -8.000000 8.082904 -1.632993
0 -6.000000 8.082904 -1.632993
0 -4.000000 8.082904 -1.632993
0 0.000000 8.082904 -1.632993
0 2.000000 8.082904 -1.632993
0 -6.000000 -6.928203 0.000000
0 -4.000000 -6.928203 0.000000
0 -2.000000 -6.928203 0.000000
0 6.000000 -6.928203 0.000000
0 8.000000 -6.928203 0.000000
0 -5.000000 -5.196152 0.000000
0 -3.000000 -5.196152 0.000000
0 5.000000 -5.196152 0.000000
0 7.000000 -5.196152 0.000000
0 9.000000 -5.196152 0.000000
0 -6.000000 -3.464102 0.000000
0 -2.000000 -3.464102 0.000000
0 0.000000 -3.464102 0.000000
0 4.000000 -3.464102 0.000000
0 8.000000 -3.464102 0.000000
0 10.000000 -3.464102 0.000000
0 -7.000000 -1.732051 0.000000
0 -1.000000 -1.732051 0.000000
0 1.000000 -1.732051 0.000000
0 5.000000 -1.732051 0.000000
0 9.000000 -1.732051 0.000000
0 -8.000000 0.000000 0.000000
0 -6.000000 0.000000 0.000000
0 -4.000000 0.000000 0.000000
0 0.000000 0.000000 0.000000
0 4.000000 0.000000 0.000000
0 -3.000000 1.732051 0.000000
0 -1.000000 1.732051 0.000000
0 3.000000 1.732051 0.000000
0 9.000000 1.732051 0.000000
0 -6.000000 3.464102 0.000000
0 -4.000000 3.464102 0.000000
0 0.000000 3.464102 0.000000
0 2.000000 3.464102 0.000000
0 8.000000 3.464102 0.000000
0 -7.000000 5.196152 0.000000
0 -5.000000 5.196152 0.000000
0 -1.000000 5.196152 0.000000
0 5.000000 5.196152 0.000000
0 7.000000 5.196152 0.000000
0 9.000000 5.196152 0.000000
0 11.000000 5.196152 0.000000
0 -8.000000 6.928203 0.000000
0 -2.000000 6.928203 0.000000
0 2.000000 6.928203 0.000000
0 6.000000 6.928203 0.000000
0 -5.000000 8.660254 0.000000
0 -3.000000 8.660254 0.000000
0 1.000000 8.660254 0.000000
0 5.000000 8.660254 0.000000
0 9.000000 8.660254 0.000000
0 11.000000 8.660254 0.000000
0 -4.000000 -8.082904 1.632993
0 -2.000000 -8.082904 1.632993
0 0.000000 -8.082904 1.632993
0 4.000000 -8.082904 1.632993
0 8.000000 -8.082904 1.632993
0 -9.000000 -6.350853 1.632993
0 -7.000000 -6.350853 1.632993
0 -5.000000 -6.350853 1.632993
0 -3.000000 -6.350853 1.632993
0 -1.000000 -6.350853 1.632993
0 3.000000 -6.350853 1.632993
0 5.000000 -6.350853 1.632993
0 -6.000000 -4.618802 1.632993
0 0.000000 -4.618802 1.632993
0 2.000000 -4.618802 1.632993
0 4.000000 -4.618802 1.632993
0 6.000000 -4.618802 1.632993
0 8.000000 -4.618802 1.632993
0 -9.000000 -2.886751 1.632993
0 -5.000000 -2.886751 1.632993
0 -3.000000 -2.886751 1.632993
0 -1.000000 -2.886751 1.632993
0 5.000000 -2.886751 1.632993
0 9.000000 -2.886751 1.632993
0 -2.000000 -1.154700 1.632993
0 8.000000 -1.154700 1.632993
0 -9.000000 0.577350 1.632993
0 1.000000 0.577350 1.632993
0 7.000000 0.577350 1.632993
0 9.000000 0.577350 1.632993
0 -8.000000 2.309401 1.632993
0 -6.000000 2.309401 1.632993
0 -2.000000 2.309401 1.632993
0 6.000000 2.309401 1.632993
0 -9.000000 4.041452 1.632993
0 -7.000000 4.041452 1.632993
0 -5.000000 4.041452 1.632993
0 -1.000000 4.041452 1.632993
0 1.000000 4.041452 1.632993
0 5.000000 4.041452 1.632993
0 9.000000 4.041452 1.632993
0 -10.000000 5.773503 1.632993
0 -2.000000 5.773503 1.632993
0 0.000000 5.773503 1.632993
0 2.000000 5.773503 1.632993
0 4.000000 5.773503 1.632993
0 -7.000000 7.505554 1.632993
0 3.000000 7.505554 1.632993
0 7.000000 7.505554 1.632993
0 9.000000 7.505554 1.632993
0 -9.000000 -7.505554 3.265986
0 -5.000000 -7.505554 3.265986
0 -1.000000 -7.505554 3.265986
0 5.000000 -7.505554 3.265986
0 7.000000 -7.505554 3.265986
0 -6.000000 -5.773503 3.265986
0 -4.000000 -5.773503 3.265986
0 -2.000000 -5.773503 3.265986
0 2.000000 -5.773503 3.265986
0 8.000000 -5.773503 3.265986
0 10.000000 -5.773503 3.265986
0 -7.000000 -4.041452 3.265986
0 -3.000000 -4.041452 3.265986
0 -1.000000 -4.041452 3.265986
0 1.000000 -4.041452 3.265986
0 -4.000000 -2.309401 3.265986
0 -2.000000 -2.309401 3.265986
0 0.000000 -2.309401 3.265986
0 2.000000 -2.309401 3.265986
0 4.000000 -2.309401 3.265986
0 8.000000 -2.309401 3.265986
0 10.000000 -2.309401 3.265986
0 -9.000000 -0.577350 3.265986
0 -5.000000 -0.577350 3.265986
0 -3.000000 -0.577350 3.265986
0 -1.000000 -0.577350 3.265986
0 1.000000 -0.577350 3.265986
0 9.000000 -0.577350 3.265986
0 -8.000000 1.154700 3.265986
0 -6.000000 1.154700 3.265986
0 -2.000000 1.154700 3.265986
0 2.000000 1.154700 3.265986
0 4.000000 1.154700 3.265986
0 6.000000 1.154700 3.265986
0 10.000000 1.154700 3.265986
0 -9.000000 2.886751 3.265986
0 -7.000000 2.886751 3.265986
0 -5.000000 2.886751 3.265986
0 1.000000 2.886751 3.265986
0 5.000000 2.886751 3.265986
0 -6.000000 4.618802 3.265986
0 -4.000000 4.618802 3.265986
0 0.000000 4.618802 3.265986
0 -9.000000 6.350853 3.265986
0 -5.000000 6.350853 3.265986
0 3.000000 6.350853 3.265986
0 7.000000 6.350853 3.265986
0 -8.000000 8.082904 3.265986
0 -6.000000 8.082904 3.265986
0 -4.000000 8.082904 3.265986
0 -2.000000 8.082904 3.265986
0 4.000000 8.082904 3.265986
0 6.000000 8.082904 3.265986
0 8.000000 8.082904 3.265986
0 10.000000 8.082904 3.265986
0 -4.000000 -6.928203 4.898980
0 2.000000 -6.928203 4.898980
0 8.000000 -6.928203 4.898980
0 10.000000 -6.928203 4.898980
0 -3.000000 -5.196152 4.898980
0 -1.000000 -5.196152 4.898980
0 3.000000 -5.196152 4.898980
0 7.000000 -5.196152 4.898980
0 -6.000000 -3.464102 4.898980
0 -4.000000 -3.464102 4.898980
0 8.000000 -3.464102 4.898980
0 -7.000000 -1.732051 4.898980
0 1.000000 -1.732051 4.898980
0 5.000000 -1.732051 4.898980
0 -6.000000 0.000000 4.898980
0 -2.000000 0.000000 4.898980
0 2.000000 0.000000 4.898980
0 6.000000 0.000000 4.898980
0 8.000000 0.000000 4.898980
0 10.000000 0.000000 4.898980
0 -7.000000 1.732051 4.898980
0 -5.000000 1.732051 4.898980
0 -3.000000 1.732051 4.898980
0 -1.000000 1.732051 4.898980
0 7.000000 1.732051 4.898980
0 9.000000 1.732051 4.898980
0 -6.000000 3.464102 4.898980
0 -2.000000 3.464102 4.898980
0 0.000000 3.464102 4.898980
0 6.000000 3.464102 4.898980
0 -5.000000 5.196152 4.898980
0 3.000000 5.196152 4.898980
0 5.000000 5.196152 4.898980
0 7.000000 5.196152 4.898980
0 9.000000 5.196152 4.898980
0 -8.000000 6.928203 4.898980
0 -4.000000 6.928203 4.898980
0 -2.000000 6.928203 4.898980
0 6.000000 6.928203 4.898980
0 8.000000 6.928203 4.898980
0 -7.000000 8.660254 4.898980
0 -3.000000 8.660254 4.898980
0 3.000000 8.660254 4.898980
0 5.000000 8.660254 4.898980
0 9.000000 8.660254 4.898980
0 11.000000 8.660254 4.898980
0 -4.000000 -8.082904 6.531973
0 -2.000000 -8.082904 6.531973
0 0.000000 -8.082904 6.531973
0 4.000000 -8.082904 6.531973
0 6.000000 -8.082904 6.531973
0 8.000000 -8.082904 6.531973
0 -9.000000 -6.350853 6.531973
0 -5.000000 -6.350853 6.531973
0 -3.000000 -6.350853 6.531973
0 -1.000000 -6.350853 6.531973
0 5.000000 -6.350853 6.531973
0 -6.000000 -4.618802 6.531973
0 -4.000000 -4.618802 6.531973
0 -2.000000 -4.618802 6.531973
0 0.000000 -4.618802 6.531973
0 2.000000 -4.618802 6.531973
0 6.000000 -4.618802 6.531973
0 -7.000000 -2.886751 6.531973
0 -5.000000 -2.886751 6.531973
0 3.000000 -2.886751 6.531973
0 7.000000 -2.886751 6.531973
0 9.000000 -2.886751 6.531973
0 -8.000000 -1.154700 6.531973
0 -6.000000 -1.154700 6.531973
0 -4.000000 -1.154700 6.531973
0 -2.000000 -1.154700 6.531973
0 4.000000 -1.154700 6.531973
0 -9.000000 0.577350 6.531973
0 -3.000000 0.577350 6.531973
0 -1.000000 0.577350 6.531973
0 1.000000 0.577350 6.531973
0 7.000000 0.577350 6.531973
0 9.000000 0.577350 6.531973
0 -10.000000 2.309401 6.531973
0 -6.000000 2.309401 6.531973
0 -4.000000 2.309401 6.531973
0 0.000000 2.309401 6.531973
0 8.000000 2.309401 6.531973
0 -9.000000 4.041452 6.531973
0 5.000000 4.041452 6.531973
0 -10.000000 5.773503 6.531973
0 -8.000000 5.773503 6.531973
0 -4.000000 5.773503 6.531973
0 2.000000 5.773503 6.531973
0 4.000000 5.773503 6.531973
0 6.000000 5.773503 6.531973
0 -7.000000 7.505554 6.531973
0 -5.000000 7.505554 6.531973
0 -1.000000 7.505554 6.531973
0 1.000000 7.505554 6.531973
0 3.000000 7.505554 6.531973
1 -10.000000 -8.082904 -8.164966
1 -8.000000 -8.082904 -8.164966
1 -6.000000 -8.082904 -8.164966
1 0.000000 -8.082904 -8.164966
1 6.000000 -8.082904 -8.164966
1 8.000000 -8.082904 -8.164966
1 -7.000000 -6.350853 -8.164966
1 -3.000000 -6.350853 -8.164966
1 1.000000 -6.350853 -8.164966
1 3.000000 -6.350853 -8.164966
1 5.000000 -6.350853 -8.164966
1 7.000000 -6.350853 -8.164966
1 9.000000 -6.350853 -8.164966
1 -10.000000 -4.618802 -8.164966
1 -8.000000 -4.618802 -8.164966
1 -6.000000 -4.618802 -8.164966
1 -4.000000 -4.618802 -8.164966
1 2.000000 -4.618802 -8.164966
1 4.000000 -4.618802 -8.164966
1 6.000000 -4.618802 -8.164966
1 -9.000000 -2.886751 -8.164966
1 -7.000000 -2.886751 -8.164966
1 -5.000000 -2.886751 -8.164966
1 -3.000000 -2.886751 -8.164966
1 -1.000000 -2.886751 -8.164966
1 1.000000 -2.886751 -8.164966
1 5.000000 -2.886751 -8.164966
1 7.000000 -2.886751 -8.164966
1 9.000000 -2.886751 -8.164966
1 -10.000000 -1.154700 -8.164966
1 -8.000000 -1.154700 -8.164966
1 -4.000000 -1.154700 -8.164966
1 4.000000 -1.154700 -8.164966
1 6.000000 -1.154700 -8.164966
1 -7.000000 0.577350 -8.164966
1 -5.000000 0.577350 -8.164966
1 1.000000 0.577350 -8.164966
1 3.000000 0.577350 -8.164966
1 5.000000 0.577350 -8.164966
1 7.000000 0.577350 -8.164966
1 9.000000 0.577350 -8.164966
1 -10.000000 2.309401 -8.164966
1 -8.000000 2.309401 -8.164966
1 -4.000000 2.309401 -8.164966
1 0.000000 2.309401 -8.164966
1 2.000000 2.309401 -8.164966
1 6.000000 2.309401 -8.164966
1 8.000000 2.309401 -8.164966
1 -9.000000 4.041452 -8.164966
1 -7.000000 4.041452 -8.164966
1 -1.000000 4.041452 -8.164966
1 1.000000 4.041452 -8.164966
1 3.000000 4.041452 -8.164966
1 5.000000 4.041452 -8.164966
1 9.000000 4.041452 -8.164966
1 -4.000000 5.773503 -8.164966
1 -2.000000 5.773503 -8.164966
1 4.000000 5.773503 -8.164966
1 8.000000 5.773503 -8.164966
1 -7.000000 7.505554 -8.164966
1 -5.000000 7.505554 -8.164966
1 -3.000000 7.505554 -8.164966
1 -1.000000 7.505554 -8.164966
1 1.000000 7.505554 -8.164966
1 7.000000 7.505554 -8.164966
1 -5.000000 -7.505554 -6.531973
1 -3.000000 -7.505554 -6.531973
1 7.000000 -7.505554 -6.531973
1 -8.000000 -5.773503 -6.531973
1 -4.000000 -5.773503 -6.531973
1 -2.000000 -5.773503 -6.531973
1 2.000000 -5.773503 -6.531973
1 8.000000 -5.773503 -6.531973
1 10.000000 -5.773503 -6.531973
1 -3.000000 -4.041452 -6.531973
1 1.000000 -4.041452 -6.531973
1 5.000000 -4.041452 -6.531973
1 -4.000000 -2.309401 -6.531973
1 2.000000 -2.309401 -6.531973
1 8.000000 -2.309401 -6.531973
1 -9.000000 -0.577350 -6.531973
1 -7.000000 -0.577350 -6.531973
1 -1.000000 -0.577350 -6.531973
1 1.000000 -0.577350 -6.531973
1 5.000000 -0.577350 -6.531973
1 7.000000 -0.577350 -6.531973
1 -6.000000 1.154700 -6.531973
1 -2.000000 1.154700 -6.531973
1 0.000000 1.154700 -6.531973
1 4.000000 1.154700 -6.531973
1 -1.000000 2.886751 -6.531973
1 1.000000 2.886751 -6.531973
1 7.000000 2.886751 -6.531973
1 -8.000000 4.618802 -6.531973
1 0.000000 4.618802 -6.531973
1 2.000000 4.618802 -6.531973
1 6.000000 4.618802 -6.531973
1 8.000000 4.618802 -6.531973
1 10.000000 4.618802 -6.531973
1 -7.000000 6.350853 -6.531973
1 -5.000000 6.350853 -6.531973
1 -1.000000 6.350853 -6.531973
1 1.000000 6.350853 -6.531973
1 5.000000 6.350853 -6.531973
1 7.000000 6.350853 -6.531973
1 -8.000000 8.082904 -6.531973
1 -6.000000 8.082904 -6.531973
1 -2.000000 8.082904 -6.531973
1 0.000000 8.082904 -6.531973
1 4.000000 8.082904 -6.531973
1 6.000000 8.082904 -6.531973
1 10.000000 8.082904 -6.531973
1 -8.000000 -6.928203 -4.898980
1 -4.000000 -6.928203 -4.898980
1 -2.000000 -6.928203 -4.898980
1 0.000000 -6.928203 -4.898980
1 8.000000 -6.928203 -4.898980
1 -5.000000 -5.196152 -4.898980
1 -1.000000 -5.196152 -4.898980
1 1.000000 -5.196152 -4.898980
1 7.000000 -5.196152 -4.898980
1 -8.000000 -3.464102 -4.898980
1 0.000000 -3.464102 -4.898980
1 4.000000 -3.464102 -4.898980
1 8.000000 -3.464102 -4.898980
1 10.000000 -3.464102 -4.898980
1 -1.000000 -1.732051 -4.898980
1 1.000000 -1.732051 -4.898980
1 3.000000 -1.732051 -4.898980
1 9.000000 -1.732051 -4.898980
1 11.000000 -1.732051 -4.898980
1 -6.000000 0.000000 -4.898980
1 -4.000000 0.000000 -4.898980
1 -2.000000 0.000000 -4.898980
1 2.000000 0.000000 -4.898980
1 4.000000 0.000000 -4.898980
1 -7.000000 1.732051 -4.898980
1 -5.000000 1.732051 -4.898980
1 1.000000 1.732051 -4.898980
1 3.000000 1.732051 -4.898980
1 5.000000 1.732051 -4.898980
1 -6.000000 3.464102 -4.898980
1 -4.000000 3.464102 -4.898980
1 0.000000 3.464102 -4.898980
1 2.000000 3.464102 -4.898980
1 8.000000 3.464102 -4.898980
1 10.000000 3.464102 -4.898980
1 -3.000000 5.196152 -4.898980
1 5.000000 5.196152 -4.898980
1 7.000000 5.196152 -4.898980
1 9.000000 5.196152 -4.898980
1 11.000000 5.196152 -4.898980
1 -4.000000 6.928203 -4.898980
1 -2.000000 6.928203 -4.898980
1 0.000000 6.928203 -4.898980
1 -3.000000 8.660254 -4.898980
1 1.000000 8.660254 -4.898980
1 3.000000 8.660254 -4.898980
1 7.000000 8.660254 -4.898980
1 9.000000 8.660254 -4.898980
1 -2.000000 -8.082904 -3.265986
1 0.000000 -8.082904 -3.265986
1 6.000000 -8.082904 -3.265986
1 8.000000 -8.082904 -3.265986
1 -9.000000 -6.350853 -3.265986
1 1.000000 -6.350853 -3.265986
1 -10.000000 -4.618802 -3.265986
1 -8.000000 -4.618802 -3.265986
1 -6.000000 -4.618802 -3.265986
1 -4.000000 -4.618802 -3.265986
1 -2.000000 -4.618802 -3.265986
1 2.000000 -4.618802 -3.265986
1 6.000000 -4.618802 -3.265986
1 8.000000 -4.618802 -3.265986
1 -9.000000 -2.886751 -3.265986
1 -7.000000 -2.886751 -3.265986
1 -5.000000 -2.886751 -3.265986
1 3.000000 -2.886751 -3.265986
1 7.000000 -2.886751 -3.265986
1 9.000000 -2.886751 -3.265986
1 -10.000000 -1.154700 -3.265986
1 -6.000000 -1.154700 -3.265986
1 -2.000000 -1.154700 -3.265986
1 4.000000 -1.154700 -3.265986
1 6.000000 -1.154700 -3.265986
1 8.000000 -1.154700 -3.265986
1 -5.000000 0.577350 -3.265986
1 -3.000000 0.577350 -3.265986
1 3.000000 0.577350 -3.265986
1 5.000000 0.577350 -3.265986
1 7.000000 0.577350 -3.265986
1 -6.000000 2.309401 -3.265986
1 -4.000000 2.309401 -3.265986
1 0.000000 2.309401 -3.265986
1 4.000000 2.309401 -3.265986
1 1.000000 4.041452 -3.265986
1 -4.000000 5.773503 -3.265986
1 -2.000000 5.773503 -3.265986
1 2.000000 5.773503 -3.265986
1 8.000000 5.773503 -3.265986
1 -7.000000 7.505554 -3.265986
1 -1.000000 7.505554 -3.265986
1 5.000000 7.505554 -3.265986
1 7.000000 7.505554 -3.265986
1 -9.000000 -7.505554 -1.632993
1 -5.000000 -7.505554 -1.632993
1 -3.000000 -7.505554 -1.632993
1 -1.000000 -7.505554 -1.632993
1 3.000000 -7.505554 -1.632993
1 9.000000 -7.505554 -1.632993
1 -6.000000 -5.773503 -1.632993
1 -2.000000 -5.773503 -1.632993
1 0.000000 -5.773503 -1.632993
1 2.000000 -5.773503 -1.632993
1 4.000000 -5.773503 -1.632993
1 -7.000000 -4.041452 -1.632993
1 -5.000000 -4.041452 -1.632993
1 -3.000000 -4.041452 -1.632993
1 -8.000000 -2.309401 -1.632993
1 -4.000000 -2.309401 -1.632993
1 8.000000 -2.309401 -1.632993
1 10.000000 -2.309401 -1.632993
1 7.000000 -0.577350 -1.632993
1 -6.000000 1.154700 -1.632993
1 -4.000000 1.154700 -1.632993
1 -2.000000 1.154700 -1.632993
1 0.000000 1.154700 -1.632993
1 2.000000 1.154700 -1.632993
1 4.000000 1.154700 -1.632993
1 -7.000000 2.886751 -1.632993
1 -5.000000 2.886751 -1.632993
1 -1.000000 2.886751 -1.632993
1 1.000000 2.886751 -1.632993
1 3.000000 2.886751 -1.632993
1 5.000000 2.886751 -1.632993
1 7.000000 2.886751 -1.632993
1 9.000000 2.886751 -1.632993
1 -6.000000 4.618802 -1.632993
1 -4.000000 4.618802 -1.632993
1 0.000000 4.618802 -1.632993
1 2.000000 4.618802 -1.632993
1 4.000000 4.618802 -1.632993
1 6.000000 4.618802 -1.632993
1 -5.000000 6.350853 -1.632993
1 -1.000000 6.350853 -1.632993
1 1.000000 6.350853 -1.632993
1 3.000000 6.350853 -1.632993
1 5.000000 6.350853 -1.632993
1 9.000000 6.350853 -1.632993
1 -2.000000 8.082904 -1.632993
1 4.000000 8.082904 -1.632993
1 6.000000 8.082904 -1.632993
1 8.000000 8.082904 -1.632993
1 10.000000 8.082904 -1.632993
1 -8.000000 -6.928203 0.000000
1 0.000000 -6.928203 0.000000
1 2.000000 -6.928203 0.000000
1 4.000000 -6.928203 0.000000
1 10.000000 -6.928203 0.000000
1 -7.000000 -5.196152 0.000000
1 -1.000000 -5.196152 0.000000
1 1.000000 -5.196152 0.000000
1 3.000000 -5.196152 0.000000
1 11.000000 -5.196152 0.000000
1 -8.000000 -3.464102 0.000000
1 -4.000000 -3.464102 0.000000
1 2.000000 -3.464102 0.000000
1 6.000000 -3.464102 0.000000
1 -5.000000 -1.732051 0.000000
1 -3.000000 -1.732051 0.000000
1 3.000000 -1.732051 0.000000
1 7.000000 -1.732051 0.000000
1 11.000000 -1.732051 0.000000
1 -2.000000 0.000000 0.000000
1 2.000000 0.000000 0.000000
1 6.000000 0.000000 0.000000
1 8.000000 0.000000 0.000000
1 10.000000 0.000000 0.000000
1 -7.000000 1.732051 0.000000
1 -5.000000 1.732051 0.000000
1 1.000000 1.732051 0.000000
1 5.000000 1.732051 0.000000
1 7.000000 1.732051 0.000000
1 11.000000 1.732051 0.000000
1 -8.000000 3.464102 0.000000
1 -2.000000 3.464102 0.000000
1 4.000000 3.464102 0.000000
1 6.000000 3.464102 0.000000
1 10.000000 3.464102 0.000000
1 -3.000000 5.196152 0.000000
1 1.000000 5.196152 0.000000
1 3.000000 5.196152 0.000000
1 -6.000000 6.928203 0.000000
1 -4.000000 6.928203 0.000000
1 0.000000 6.928203 0.000000
1 4.000000 6.928203 0.000000
1 8.000000 6.928203 0.000000
1 10.000000 6.928203 0.000000
1 -7.000000 8.660254 0.000000
1 -1.000000 8.660254 0.000000
1 3.000000 8.660254 0.000000
1 7.000000 8.660254 0.000000
1 -10.000000 -8.082904 1.632993
1 -8.000000 -8.082904 1.632993
1 -6.000000 -8.082904 1.632993
1 2.000000 -8.082904 1.632993
1 6.000000 -8.082904 1.632993
1 1.000000 -6.350853 1.632993
1 7.000000 -6.350853 1.632993
1 9.000000 -6.350853 1.632993
1 -10.000000 -4.618802 1.632993
1 -8.000000 -4.618802 1.632993
1 -4.000000 -4.618802 1.632993
1 -2.000000 -4.618802 1.632993
1 -7.000000 -2.886751 1.632993
1 1.000000 -2.886751 1.632993
1 3.000000 -2.886751 1.632993
1 7.000000 -2.886751 1.632993
1 -10.000000 -1.154700 1.632993
1 -8.000000 -1.154700 1.632993
1 -6.000000 -1.154700 1.632993
1 -4.000000 -1.154700 1.632993
1 0.000000 -1.154700 1.632993
1 2.000000 -1.154700 1.632993
1 4.000000 -1.154700 1.632993
1 6.000000 -1.154700 1.632993
1 -7.000000 0.577350 1.632993
1 -5.000000 0.577350 1.632993
1 -3.000000 0.577350 1.632993
1 -1.000000 0.577350 1.632993
1 3.000000 0.577350 1.632993
1 5.000000 0.577350 1.632993
1 -10.000000 2.309401 1.632993
1 -4.000000 2.309401 1.632993
1 0.000000 2.309401 1.632993
1 2.000000 2.309401 1.632993
1 4.000000 2.309401 1.632993
1 8.000000 2.309401 1.632993
1 -3.000000 4.041452 1.632993
1 3.000000 4.041452 1.632993
1 7.000000 4.041452 1.632993
1 -8.000000 5.773503 1.632993
1 -6.000000 5.773503 1.632993
1 -4.000000 5.773503 1.632993
1 6.000000 5.773503 1.632993
1 8.000000 5.773503 1.632993
1 -9.000000 7.505554 1.632993
1 -5.000000 7.505554 1.632993
1 -3.000000 7.505554 1.632993
1 -1.000000 7.505554 1.632993
1 1.000000 7.505554 1.632993
1 5.000000 7.505554 1.632993
1 -7.000000 -7.505554 3.265986
1 -3.000000 -7.505554 3.265986
1 1.000000 -7.505554 3.265986
1 3.000000 -7.505554 3.265986
1 9.000000 -7.505554 3.265986
1 -8.000000 -5.773503 3.265986
1 0.000000 -5.773503 3.265986
1 4.000000 -5.773503 3.265986
1 6.000000 -5.773503 3.265986
1 -9.000000 -4.041452 3.265986
1 -5.000000 -4.041452 3.265986
1 3.000000 -4.041452 3.265986
1 5.000000 -4.041452 3.265986
1 7.000000 -4.041452 3.265986
1 9.000000 -4.041452 3.265986
1 -8.000000 -2.309401 3.265986
1 -6.000000 -2.309401 3.265986
1 6.000000 -2.309401 3.265986
1 -7.000000 -0.577350 3.265986
1 3.000000 -0.577350 3.265986
1 5.000000 -0.577350 3.265986
1 7.000000 -0.577350 3.265986
1 -4.000000 1.154700 3.265986
1 0.000000 1.154700 3.265986
1 8.000000 1.154700 3.265986
1 -3.000000 2.886751 3.265986
1 -1.000000 2.886751 3.265986
1 3.000000 2.886751 3.265986
1 7.000000 2.886751 3.265986
1 9.000000 2.886751 3.265986
1 -8.000000 4.618802 3.265986
1 -2.000000 4.618802 3.265986
1 2.000000 4.618802 3.265986
1 4.000000 4.618802 3.265986
1 6.000000 4.618802 3.265986
1 8.000000 4.618802 3.265986
1 10.000000 4.618802 3.265986
1 -7.000000 6.350853 3.265986
1 -3.000000 6.350853 3.265986
1 -1.000000 6.350853 3.265986
1 1.000000 6.350853 3.265986
1 5.000000 6.350853 3.265986
1 9.000000 6.350853 3.265986
1 0.000000 8.082904 3.265986
1 2.000000 8.082904 3.265986
1 -8.000000 -6.928203 4.898980
1 -6.000000 -6.928203 4.898980
1 -2.000000 -6.928203 4.898980
1 0.000000 -6.928203 4.898980
1 4.000000 -6.928203 4.898980
1 6.000000 -6.928203 4.898980
1 -7.000000 -5.196152 4.898980
1 -5.000000 -5.196152 4.898980
1 1.000000 -5.196152 4.898980
1 5.000000 -5.196152 4.898980
1 9.000000 -5.196152 4.898980
1 11.000000 -5.196152 4.898980
1 -8.000000 -3.464102 4.898980
1 -2.000000 -3.464102 4.898980
1 0.000000 -3.464102 4.898980
1 2.000000 -3.464102 4.898980
1 4.000000 -3.464102 4.898980
1 6.000000 -3.464102 4.898980
1 10.000000 -3.464102 4.898980
1 -5.000000 -1.732051 4.898980
1 -3.000000 -1.732051 4.898980
1 -1.000000 -1.732051 4.898980
1 3.000000 -1.732051 4.898980
1 7.000000 -1.732051 4.898980
1 9.000000 -1.732051 4.898980
1 11.000000 -1.732051 4.898980
1 -8.000000 0.000000 4.898980
1 -4.000000 0.000000 4.898980
1 0.000000 0.000000 4.898980
1 4.000000 0.000000 4.898980
1 1.000000 1.732051 4.898980
1 3.000000 1.732051 4.898980
1 5.000000 1.732051 4.898980
1 11.000000 1.732051 4.898980
1 -8.000000 3.464102 4.898980
1 -4.000000 3.464102 4.898980
1 2.000000 3.464102 4.898980
1 4.000000 3.464102 4.898980
1 8.000000 3.464102 4.898980
1 10.000000 3.464102 4.898980
1 -7.000000 5.196152 4.898980
1 -3.000000 5.196152 4.898980
1 -1.000000 5.196152 4.898980
1 1.000000 5.196152 4.898980
1 11.000000 5.196152 4.898980
1 -6.000000 6.928203 4.898980
1 0.000000 6.928203 4.898980
1 2.000000 6.928203 4.898980
1 4.000000 6.928203 4.898980
1 10.000000 6.928203 4.898980
1 -5.000000 8.660254 4.898980
1 -1.000000 8.660254 4.898980
1 1.000000 8.660254 4.898980
1 7.000000 8.660254 4.898980
1 -10.000000 -8.082904 6.531973
1 -8.000000 -8.082904 6.531973
1 -6.000000 -8.082904 6.531973
1 2.000000 -8.082904 6.531973
1 -7.000000 -6.350853 6.531973
1 1.000000 -6.350853 6.531973
1 3.000000 -6.350853 6.531973
1 7.000000 -6.350853 6.531973
1 9.000000 -6.350853 6.531973
1 -10.000000 -4.618802 6.531973
1 -8.000000 -4.618802 6.531973
1 4.000000 -4.618802 6.531973
1 8.000000 -4.618802 6.531973
1 -9.000000 -2.886751 6.531973
1 -3.000000 -2.886751 6.531973
1 -1.000000 -2.886751 6.531973
1 1.000000 -2.886751 6.531973
1 5.000000 -2.886751 6.531973
1 -10.000000 -1.154700 6.531973
1 0.000000 -1.154700 6.531973
1 2.000000 -1.154700 6.531973
1 6.000000 -1.154700 6.531973
1 8.000000 -1.154700 6.531973
1 -7.000000 0.577350 6.531973
1 -5.000000 0.577350 6.531973
1 3.000000 0.577350 6.531973
1 5.000000 0.577350 6.531973
1 -8.000000 2.309401 6.531973
1 -2.000000 2.309401 6.531973
1 2.000000 2.309401 6.531973
1 4.000000 2.309401 6.531973
1 6.000000 2.309401 6.531973
1 -7.000000 4.041452 6.531973
1 -5.000000 4.041452 6.531973
1 -3.000000 4.041452 6.531973
1 -1.000000 4.041452 6.531973
1 1.000000 4.041452 6.531973
1 3.000000 4.041452 6.531973
1 7.000000 4.041452 6.531973
1 9.000000 4.041452 6.531973
1 -6.000000 5.773503 6.531973
1 -2.000000 5.773503 6.531973
1 0.000000 5.773503 6.531973
1 8.000000 5.773503 6.531973
1 -9.000000 7.505554 6.531973
1 -3.000000 7.505554 6.531973
1 5.000000 7.505554 6.531973
1 7.000000 7.505554 6.531973
1 9.000000 7.505554 6.531973
